2022-04-28 18:41:03,985 [main] INFO  (ExistRepository.java [prepare]:89) - Using directory /exist/etc/../data/expathrepo for expath package repository 
2022-04-28 18:41:03,997 [main] INFO  (Repository.java [<init>]:52) - Create a new repository with storage: File system storage in /exist/etc/../data/expathrepo 
2022-04-28 18:41:04,939 [main] INFO  (AutoDeploymentTrigger.java [execute]:95) - Scanning autodeploy directory. Found 9 app packages. 
2022-04-28 18:41:05,046 [main] INFO  (Deployment.java [installAndDeploy]:220) - Package http://exist-db.org/apps/dashboard depends on http://www.functx.com 
2022-04-28 18:41:05,048 [main] INFO  (Deployment.java [installAndDeploy]:267) - Installing package file:///exist/autodeploy/functx-1.0.1.xar 
2022-04-28 18:41:05,160 [main] INFO  (FileSystemStorage.java [getContenDir]:254) - Warning: package uses old-style content dir: '/exist/etc/../data/expathrepo/functx-1.0.1/functx' 
2022-04-28 18:41:05,518 [main] INFO  (Deployment.java [installAndDeploy]:280) - Deploying package http://www.functx.com 
2022-04-28 18:41:05,525 [main] WARN  (Deployment.java [deploy]:383) - EXPath Package 'http://www.functx.com' does not contain a <target> in its repo.xml, no files will be deployed to /apps 
2022-04-28 18:41:05,808 [main] INFO  (Deployment.java [installAndDeploy]:220) - Package http://exist-db.org/apps/dashboard depends on http://exist-db.org/apps/existdb-packageservice 
2022-04-28 18:41:05,810 [main] INFO  (Deployment.java [installAndDeploy]:220) - Package http://exist-db.org/apps/existdb-packageservice depends on http://www.functx.com 
2022-04-28 18:41:05,811 [main] INFO  (Deployment.java [installAndDeploy]:220) - Package http://exist-db.org/apps/existdb-packageservice depends on http://exist-db.org/xquery/semver-xq 
2022-04-28 18:41:05,812 [main] INFO  (Deployment.java [installAndDeploy]:267) - Installing package file:///exist/autodeploy/semver-xq-2.3.0.xar 
2022-04-28 18:41:05,928 [main] INFO  (Deployment.java [installAndDeploy]:280) - Deploying package http://exist-db.org/xquery/semver-xq 
2022-04-28 18:41:05,933 [main] WARN  (Deployment.java [deploy]:383) - EXPath Package 'http://exist-db.org/xquery/semver-xq' does not contain a <target> in its repo.xml, no files will be deployed to /apps 
2022-04-28 18:41:06,038 [main] INFO  (Deployment.java [installAndDeploy]:267) - Installing package file:///exist/autodeploy/packageservice-1.3.13.xar 
2022-04-28 18:41:07,064 [main] INFO  (FileSystemStorage.java [getContenDir]:229) - None of content dirs exist: '/exist/etc/../data/expathrepo/packageservice-1.3.13/content' and '/exist/etc/../data/expathrepo/packageservice-1.3.13/packageservice' 
2022-04-28 18:41:07,111 [main] INFO  (Deployment.java [installAndDeploy]:280) - Deploying package http://exist-db.org/apps/existdb-packageservice 
2022-04-28 18:41:10,222 [main] INFO  (Deployment.java [installAndDeploy]:267) - Installing package file:///exist/autodeploy/dashboard-2.0.9.xar 
2022-04-28 18:41:12,036 [main] INFO  (FileSystemStorage.java [getContenDir]:229) - None of content dirs exist: '/exist/etc/../data/expathrepo/dashboard-2.0.9/content' and '/exist/etc/../data/expathrepo/dashboard-2.0.9/dashboard' 
2022-04-28 18:41:12,075 [main] INFO  (Deployment.java [installAndDeploy]:280) - Deploying package http://exist-db.org/apps/dashboard 
2022-04-28 18:41:20,121 [main] INFO  (Deployment.java [installAndDeploy]:267) - Installing package file:///exist/autodeploy/eXide-3.3.0.xar 
2022-04-28 18:41:28,594 [main] INFO  (FileSystemStorage.java [getContenDir]:229) - None of content dirs exist: '/exist/etc/../data/expathrepo/eXide-3.3.0/content' and '/exist/etc/../data/expathrepo/eXide-3.3.0/eXide' 
2022-04-28 18:41:28,641 [main] INFO  (Deployment.java [installAndDeploy]:280) - Deploying package http://exist-db.org/apps/eXide 
2022-04-28 18:41:50,360 [main] INFO  (Deployment.java [installAndDeploy]:220) - Package http://exist-db.org/apps/doc depends on http://exist-db.org/html-templating 
2022-04-28 18:41:50,362 [main] INFO  (Deployment.java [installAndDeploy]:267) - Installing package file:///exist/autodeploy/templating-1.0.2.xar 
2022-04-28 18:41:50,435 [main] INFO  (Deployment.java [installAndDeploy]:280) - Deploying package http://exist-db.org/html-templating 
2022-04-28 18:41:50,442 [main] WARN  (Deployment.java [deploy]:383) - EXPath Package 'http://exist-db.org/html-templating' does not contain a <target> in its repo.xml, no files will be deployed to /apps 
2022-04-28 18:41:50,497 [main] INFO  (Deployment.java [installAndDeploy]:267) - Installing package file:///exist/autodeploy/exist-documentation-5.4.0.xar 
2022-04-28 18:41:57,279 [main] INFO  (FileSystemStorage.java [getContenDir]:229) - None of content dirs exist: '/exist/etc/../data/expathrepo/exist-documentation-5.4.0/content' and '/exist/etc/../data/expathrepo/exist-documentation-5.4.0/exist-documentation' 
2022-04-28 18:41:57,322 [main] INFO  (Deployment.java [installAndDeploy]:280) - Deploying package http://exist-db.org/apps/doc 
2022-04-28 18:42:12,588 [main] INFO  (Deployment.java [installAndDeploy]:220) - Package http://exist-db.org/apps/fundocs depends on http://exist-db.org/html-templating 
2022-04-28 18:42:12,589 [main] INFO  (Deployment.java [installAndDeploy]:267) - Installing package file:///exist/autodeploy/exist-function-documentation-1.2.0.xar 
2022-04-28 18:42:13,346 [main] INFO  (FileSystemStorage.java [getContenDir]:229) - None of content dirs exist: '/exist/etc/../data/expathrepo/fundocs-1.2.0/content' and '/exist/etc/../data/expathrepo/fundocs-1.2.0/fundocs' 
2022-04-28 18:42:13,390 [main] INFO  (Deployment.java [installAndDeploy]:280) - Deploying package http://exist-db.org/apps/fundocs 
2022-04-28 18:42:15,347 [main] INFO  (Deployment.java [installAndDeploy]:192) - Application package http://www.functx.com already installed. Skipping. 
2022-04-28 18:42:15,377 [main] INFO  (Deployment.java [installAndDeploy]:220) - Package http://exist-db.org/apps/monex depends on http://exist-db.org/html-templating 
2022-04-28 18:42:15,378 [main] INFO  (Deployment.java [installAndDeploy]:267) - Installing package file:///exist/autodeploy/monex-3.0.4.xar 
2022-04-28 18:42:19,288 [main] INFO  (Deployment.java [installAndDeploy]:280) - Deploying package http://exist-db.org/apps/monex 
2022-04-28 18:42:23,857 [main] INFO  (Deployment.java [installAndDeploy]:192) - Application package http://exist-db.org/apps/existdb-packageservice already installed. Skipping. 
2022-04-28 18:42:23,861 [main] INFO  (Deployment.java [installAndDeploy]:192) - Application package http://exist-db.org/xquery/semver-xq already installed. Skipping. 
2022-04-28 18:42:23,865 [main] INFO  (Deployment.java [installAndDeploy]:192) - Application package http://exist-db.org/html-templating already installed. Skipping. 
2022-04-28 18:43:02,717 [qtp2090167770-33] INFO  (Deployment.java [installAndDeploy]:267) - Installing package /db/system/repo/existdb-aws-restxq-example-1.0.0.xar 
2022-04-28 18:43:02,939 [qtp2090167770-33] INFO  (Deployment.java [installAndDeploy]:280) - Deploying package https://exist-db.org/example/exist-db/app 
2022-04-28 18:43:11,497 [qtp2090167770-33] INFO  (Deployment.java [installAndDeploy]:267) - Installing package file:///tmp/exist-db-temp-file-manager-18475714318122912/exist-db-temp-817355913073121119.tmp 
2022-04-28 18:43:11,571 [qtp2090167770-33] INFO  (Deployment.java [installAndDeploy]:280) - Deploying package http://exist-db.org/html-templating 
2022-04-28 18:43:11,576 [qtp2090167770-33] WARN  (Deployment.java [deploy]:383) - EXPath Package 'http://exist-db.org/html-templating' does not contain a <target> in its repo.xml, no files will be deployed to /apps 
2022-04-28 18:43:35,678 [qtp2090167770-50] INFO  (Deployment.java [installAndDeploy]:267) - Installing package file:///tmp/exist-db-temp-file-manager-18475714318122912/exist-db-temp-4364461026714758059.tmp 
2022-04-28 18:43:43,398 [qtp2090167770-50] INFO  (FileSystemStorage.java [getContenDir]:229) - None of content dirs exist: '/exist/etc/../data/expathrepo/eXide-3.3.1/content' and '/exist/etc/../data/expathrepo/eXide-3.3.1/eXide' 
2022-04-28 18:43:43,451 [qtp2090167770-50] INFO  (Deployment.java [installAndDeploy]:280) - Deploying package http://exist-db.org/apps/eXide 
2022-04-29 04:01:33,315 [main] INFO  (ExistRepository.java [prepare]:89) - Using directory /exist/etc/../data/expathrepo for expath package repository 
2022-04-29 04:01:33,323 [main] INFO  (Repository.java [<init>]:52) - Create a new repository with storage: File system storage in /exist/etc/../data/expathrepo 
2022-04-29 04:01:33,351 [main] INFO  (FileSystemStorage.java [getContenDir]:229) - None of content dirs exist: '/exist/etc/../data/expathrepo/exist-documentation-5.4.0/content' and '/exist/etc/../data/expathrepo/exist-documentation-5.4.0/exist-documentation' 
2022-04-29 04:01:33,370 [main] INFO  (FileSystemStorage.java [getContenDir]:229) - None of content dirs exist: '/exist/etc/../data/expathrepo/eXide-3.3.1/content' and '/exist/etc/../data/expathrepo/eXide-3.3.1/eXide' 
2022-04-29 04:01:33,377 [main] INFO  (FileSystemStorage.java [getContenDir]:254) - Warning: package uses old-style content dir: '/exist/etc/../data/expathrepo/functx-1.0.1/functx' 
2022-04-29 04:01:33,388 [main] INFO  (FileSystemStorage.java [getContenDir]:229) - None of content dirs exist: '/exist/etc/../data/expathrepo/dashboard-2.0.9/content' and '/exist/etc/../data/expathrepo/dashboard-2.0.9/dashboard' 
2022-04-29 04:01:33,400 [main] INFO  (FileSystemStorage.java [getContenDir]:229) - None of content dirs exist: '/exist/etc/../data/expathrepo/packageservice-1.3.13/content' and '/exist/etc/../data/expathrepo/packageservice-1.3.13/packageservice' 
2022-04-29 04:01:33,410 [main] INFO  (FileSystemStorage.java [getContenDir]:229) - None of content dirs exist: '/exist/etc/../data/expathrepo/fundocs-1.2.0/content' and '/exist/etc/../data/expathrepo/fundocs-1.2.0/fundocs' 
2022-04-29 04:01:35,578 [main] INFO  (AutoDeploymentTrigger.java [execute]:95) - Scanning autodeploy directory. Found 9 app packages. 
2022-04-29 04:01:35,673 [main] INFO  (Deployment.java [installAndDeploy]:192) - Application package http://exist-db.org/apps/dashboard already installed. Skipping. 
2022-04-29 04:01:35,681 [main] INFO  (Deployment.java [installAndDeploy]:192) - Application package http://exist-db.org/apps/eXide already installed. Skipping. 
2022-04-29 04:01:35,708 [main] INFO  (Deployment.java [installAndDeploy]:192) - Application package http://exist-db.org/apps/doc already installed. Skipping. 
2022-04-29 04:01:35,716 [main] INFO  (Deployment.java [installAndDeploy]:192) - Application package http://exist-db.org/apps/fundocs already installed. Skipping. 
2022-04-29 04:01:35,721 [main] INFO  (Deployment.java [installAndDeploy]:192) - Application package http://www.functx.com already installed. Skipping. 
2022-04-29 04:01:35,749 [main] INFO  (Deployment.java [installAndDeploy]:192) - Application package http://exist-db.org/apps/monex already installed. Skipping. 
2022-04-29 04:01:35,760 [main] INFO  (Deployment.java [installAndDeploy]:192) - Application package http://exist-db.org/apps/existdb-packageservice already installed. Skipping. 
2022-04-29 04:01:35,767 [main] INFO  (Deployment.java [installAndDeploy]:192) - Application package http://exist-db.org/xquery/semver-xq already installed. Skipping. 
2022-04-29 04:01:35,772 [main] INFO  (Deployment.java [installAndDeploy]:192) - Application package http://exist-db.org/html-templating already installed. Skipping. 
2022-05-03 18:29:40,132 [main] INFO  (ExistRepository.java [prepare]:89) - Using directory /exist/etc/../data/expathrepo for expath package repository 
2022-05-03 18:29:40,142 [main] INFO  (Repository.java [<init>]:52) - Create a new repository with storage: File system storage in /exist/etc/../data/expathrepo 
2022-05-03 18:29:40,174 [main] INFO  (FileSystemStorage.java [getContenDir]:229) - None of content dirs exist: '/exist/etc/../data/expathrepo/exist-documentation-5.4.0/content' and '/exist/etc/../data/expathrepo/exist-documentation-5.4.0/exist-documentation' 
2022-05-03 18:29:40,194 [main] INFO  (FileSystemStorage.java [getContenDir]:229) - None of content dirs exist: '/exist/etc/../data/expathrepo/eXide-3.3.1/content' and '/exist/etc/../data/expathrepo/eXide-3.3.1/eXide' 
2022-05-03 18:29:40,202 [main] INFO  (FileSystemStorage.java [getContenDir]:254) - Warning: package uses old-style content dir: '/exist/etc/../data/expathrepo/functx-1.0.1/functx' 
2022-05-03 18:29:40,216 [main] INFO  (FileSystemStorage.java [getContenDir]:229) - None of content dirs exist: '/exist/etc/../data/expathrepo/dashboard-2.0.9/content' and '/exist/etc/../data/expathrepo/dashboard-2.0.9/dashboard' 
2022-05-03 18:29:40,231 [main] INFO  (FileSystemStorage.java [getContenDir]:229) - None of content dirs exist: '/exist/etc/../data/expathrepo/packageservice-1.3.13/content' and '/exist/etc/../data/expathrepo/packageservice-1.3.13/packageservice' 
2022-05-03 18:29:40,238 [main] INFO  (FileSystemStorage.java [getContenDir]:229) - None of content dirs exist: '/exist/etc/../data/expathrepo/fundocs-1.2.0/content' and '/exist/etc/../data/expathrepo/fundocs-1.2.0/fundocs' 
2022-05-03 18:29:43,372 [main] INFO  (AutoDeploymentTrigger.java [execute]:95) - Scanning autodeploy directory. Found 9 app packages. 
2022-05-03 18:29:43,512 [main] INFO  (Deployment.java [installAndDeploy]:192) - Application package http://exist-db.org/apps/dashboard already installed. Skipping. 
2022-05-03 18:29:43,521 [main] INFO  (Deployment.java [installAndDeploy]:192) - Application package http://exist-db.org/apps/eXide already installed. Skipping. 
2022-05-03 18:29:43,559 [main] INFO  (Deployment.java [installAndDeploy]:192) - Application package http://exist-db.org/apps/doc already installed. Skipping. 
2022-05-03 18:29:43,567 [main] INFO  (Deployment.java [installAndDeploy]:192) - Application package http://exist-db.org/apps/fundocs already installed. Skipping. 
2022-05-03 18:29:43,573 [main] INFO  (Deployment.java [installAndDeploy]:192) - Application package http://www.functx.com already installed. Skipping. 
2022-05-03 18:29:43,615 [main] INFO  (Deployment.java [installAndDeploy]:192) - Application package http://exist-db.org/apps/monex already installed. Skipping. 
2022-05-03 18:29:43,621 [main] INFO  (Deployment.java [installAndDeploy]:192) - Application package http://exist-db.org/apps/existdb-packageservice already installed. Skipping. 
2022-05-03 18:29:43,627 [main] INFO  (Deployment.java [installAndDeploy]:192) - Application package http://exist-db.org/xquery/semver-xq already installed. Skipping. 
2022-05-03 18:29:43,631 [main] INFO  (Deployment.java [installAndDeploy]:192) - Application package http://exist-db.org/html-templating already installed. Skipping. 
2022-05-03 18:44:07,470 [main] INFO  (ExistRepository.java [prepare]:89) - Using directory /exist/etc/../data/expathrepo for expath package repository 
2022-05-03 18:44:07,480 [main] INFO  (Repository.java [<init>]:52) - Create a new repository with storage: File system storage in /exist/etc/../data/expathrepo 
2022-05-03 18:44:07,505 [main] INFO  (FileSystemStorage.java [getContenDir]:229) - None of content dirs exist: '/exist/etc/../data/expathrepo/exist-documentation-5.4.0/content' and '/exist/etc/../data/expathrepo/exist-documentation-5.4.0/exist-documentation' 
2022-05-03 18:44:07,520 [main] INFO  (FileSystemStorage.java [getContenDir]:229) - None of content dirs exist: '/exist/etc/../data/expathrepo/eXide-3.3.1/content' and '/exist/etc/../data/expathrepo/eXide-3.3.1/eXide' 
2022-05-03 18:44:07,525 [main] INFO  (FileSystemStorage.java [getContenDir]:254) - Warning: package uses old-style content dir: '/exist/etc/../data/expathrepo/functx-1.0.1/functx' 
2022-05-03 18:44:07,536 [main] INFO  (FileSystemStorage.java [getContenDir]:229) - None of content dirs exist: '/exist/etc/../data/expathrepo/dashboard-2.0.9/content' and '/exist/etc/../data/expathrepo/dashboard-2.0.9/dashboard' 
2022-05-03 18:44:07,547 [main] INFO  (FileSystemStorage.java [getContenDir]:229) - None of content dirs exist: '/exist/etc/../data/expathrepo/packageservice-1.3.13/content' and '/exist/etc/../data/expathrepo/packageservice-1.3.13/packageservice' 
2022-05-03 18:44:07,552 [main] INFO  (FileSystemStorage.java [getContenDir]:229) - None of content dirs exist: '/exist/etc/../data/expathrepo/fundocs-1.2.0/content' and '/exist/etc/../data/expathrepo/fundocs-1.2.0/fundocs' 
2022-05-03 18:44:10,079 [main] INFO  (AutoDeploymentTrigger.java [execute]:95) - Scanning autodeploy directory. Found 9 app packages. 
2022-05-03 18:44:10,199 [main] INFO  (Deployment.java [installAndDeploy]:192) - Application package http://exist-db.org/apps/dashboard already installed. Skipping. 
2022-05-03 18:44:10,207 [main] INFO  (Deployment.java [installAndDeploy]:192) - Application package http://exist-db.org/apps/eXide already installed. Skipping. 
2022-05-03 18:44:10,242 [main] INFO  (Deployment.java [installAndDeploy]:192) - Application package http://exist-db.org/apps/doc already installed. Skipping. 
2022-05-03 18:44:10,249 [main] INFO  (Deployment.java [installAndDeploy]:192) - Application package http://exist-db.org/apps/fundocs already installed. Skipping. 
2022-05-03 18:44:10,253 [main] INFO  (Deployment.java [installAndDeploy]:192) - Application package http://www.functx.com already installed. Skipping. 
2022-05-03 18:44:10,294 [main] INFO  (Deployment.java [installAndDeploy]:192) - Application package http://exist-db.org/apps/monex already installed. Skipping. 
2022-05-03 18:44:10,299 [main] INFO  (Deployment.java [installAndDeploy]:192) - Application package http://exist-db.org/apps/existdb-packageservice already installed. Skipping. 
2022-05-03 18:44:10,304 [main] INFO  (Deployment.java [installAndDeploy]:192) - Application package http://exist-db.org/xquery/semver-xq already installed. Skipping. 
2022-05-03 18:44:10,307 [main] INFO  (Deployment.java [installAndDeploy]:192) - Application package http://exist-db.org/html-templating already installed. Skipping. 
2022-05-04 15:17:33,136 [main] INFO  (ExistRepository.java [prepare]:89) - Using directory /exist/etc/../data/expathrepo for expath package repository 
2022-05-04 15:17:33,146 [main] INFO  (Repository.java [<init>]:52) - Create a new repository with storage: File system storage in /exist/etc/../data/expathrepo 
2022-05-04 15:17:33,188 [main] INFO  (FileSystemStorage.java [getContenDir]:229) - None of content dirs exist: '/exist/etc/../data/expathrepo/exist-documentation-5.4.0/content' and '/exist/etc/../data/expathrepo/exist-documentation-5.4.0/exist-documentation' 
2022-05-04 15:17:33,216 [main] INFO  (FileSystemStorage.java [getContenDir]:229) - None of content dirs exist: '/exist/etc/../data/expathrepo/eXide-3.3.1/content' and '/exist/etc/../data/expathrepo/eXide-3.3.1/eXide' 
2022-05-04 15:17:33,229 [main] INFO  (FileSystemStorage.java [getContenDir]:254) - Warning: package uses old-style content dir: '/exist/etc/../data/expathrepo/functx-1.0.1/functx' 
2022-05-04 15:17:33,253 [main] INFO  (FileSystemStorage.java [getContenDir]:229) - None of content dirs exist: '/exist/etc/../data/expathrepo/dashboard-2.0.9/content' and '/exist/etc/../data/expathrepo/dashboard-2.0.9/dashboard' 
2022-05-04 15:17:33,278 [main] INFO  (FileSystemStorage.java [getContenDir]:229) - None of content dirs exist: '/exist/etc/../data/expathrepo/packageservice-1.3.13/content' and '/exist/etc/../data/expathrepo/packageservice-1.3.13/packageservice' 
2022-05-04 15:17:33,292 [main] INFO  (FileSystemStorage.java [getContenDir]:229) - None of content dirs exist: '/exist/etc/../data/expathrepo/fundocs-1.2.0/content' and '/exist/etc/../data/expathrepo/fundocs-1.2.0/fundocs' 
2022-05-04 15:17:40,893 [main] INFO  (AutoDeploymentTrigger.java [execute]:95) - Scanning autodeploy directory. Found 9 app packages. 
2022-05-04 15:17:41,048 [main] INFO  (Deployment.java [installAndDeploy]:192) - Application package http://exist-db.org/apps/dashboard already installed. Skipping. 
2022-05-04 15:17:41,065 [main] INFO  (Deployment.java [installAndDeploy]:192) - Application package http://exist-db.org/apps/eXide already installed. Skipping. 
2022-05-04 15:17:41,118 [main] INFO  (Deployment.java [installAndDeploy]:192) - Application package http://exist-db.org/apps/doc already installed. Skipping. 
2022-05-04 15:17:41,134 [main] INFO  (Deployment.java [installAndDeploy]:192) - Application package http://exist-db.org/apps/fundocs already installed. Skipping. 
2022-05-04 15:17:41,144 [main] INFO  (Deployment.java [installAndDeploy]:192) - Application package http://www.functx.com already installed. Skipping. 
2022-05-04 15:17:41,195 [main] INFO  (Deployment.java [installAndDeploy]:192) - Application package http://exist-db.org/apps/monex already installed. Skipping. 
2022-05-04 15:17:41,210 [main] INFO  (Deployment.java [installAndDeploy]:192) - Application package http://exist-db.org/apps/existdb-packageservice already installed. Skipping. 
2022-05-04 15:17:41,222 [main] INFO  (Deployment.java [installAndDeploy]:192) - Application package http://exist-db.org/xquery/semver-xq already installed. Skipping. 
2022-05-04 15:17:41,230 [main] INFO  (Deployment.java [installAndDeploy]:192) - Application package http://exist-db.org/html-templating already installed. Skipping. 
2022-05-10 14:22:47,012 [main] INFO  (ExistRepository.java [prepare]:89) - Using directory /exist/etc/../data/expathrepo for expath package repository 
2022-05-10 14:22:47,020 [main] INFO  (Repository.java [<init>]:52) - Create a new repository with storage: File system storage in /exist/etc/../data/expathrepo 
2022-05-10 14:22:47,051 [main] INFO  (FileSystemStorage.java [getContenDir]:229) - None of content dirs exist: '/exist/etc/../data/expathrepo/exist-documentation-5.4.0/content' and '/exist/etc/../data/expathrepo/exist-documentation-5.4.0/exist-documentation' 
2022-05-10 14:22:47,077 [main] INFO  (FileSystemStorage.java [getContenDir]:229) - None of content dirs exist: '/exist/etc/../data/expathrepo/eXide-3.3.1/content' and '/exist/etc/../data/expathrepo/eXide-3.3.1/eXide' 
2022-05-10 14:22:47,089 [main] INFO  (FileSystemStorage.java [getContenDir]:254) - Warning: package uses old-style content dir: '/exist/etc/../data/expathrepo/functx-1.0.1/functx' 
2022-05-10 14:22:47,111 [main] INFO  (FileSystemStorage.java [getContenDir]:229) - None of content dirs exist: '/exist/etc/../data/expathrepo/dashboard-2.0.9/content' and '/exist/etc/../data/expathrepo/dashboard-2.0.9/dashboard' 
2022-05-10 14:22:47,131 [main] INFO  (FileSystemStorage.java [getContenDir]:229) - None of content dirs exist: '/exist/etc/../data/expathrepo/packageservice-1.3.13/content' and '/exist/etc/../data/expathrepo/packageservice-1.3.13/packageservice' 
2022-05-10 14:22:47,143 [main] INFO  (FileSystemStorage.java [getContenDir]:229) - None of content dirs exist: '/exist/etc/../data/expathrepo/fundocs-1.2.0/content' and '/exist/etc/../data/expathrepo/fundocs-1.2.0/fundocs' 
2022-05-10 14:22:52,582 [main] INFO  (AutoDeploymentTrigger.java [execute]:95) - Scanning autodeploy directory. Found 9 app packages. 
2022-05-10 14:22:52,679 [main] INFO  (Deployment.java [installAndDeploy]:192) - Application package http://exist-db.org/apps/dashboard already installed. Skipping. 
2022-05-10 14:22:52,691 [main] INFO  (Deployment.java [installAndDeploy]:192) - Application package http://exist-db.org/apps/eXide already installed. Skipping. 
2022-05-10 14:22:52,724 [main] INFO  (Deployment.java [installAndDeploy]:192) - Application package http://exist-db.org/apps/doc already installed. Skipping. 
2022-05-10 14:22:52,736 [main] INFO  (Deployment.java [installAndDeploy]:192) - Application package http://exist-db.org/apps/fundocs already installed. Skipping. 
2022-05-10 14:22:52,745 [main] INFO  (Deployment.java [installAndDeploy]:192) - Application package http://www.functx.com already installed. Skipping. 
2022-05-10 14:22:52,777 [main] INFO  (Deployment.java [installAndDeploy]:192) - Application package http://exist-db.org/apps/monex already installed. Skipping. 
2022-05-10 14:22:52,784 [main] INFO  (Deployment.java [installAndDeploy]:192) - Application package http://exist-db.org/apps/existdb-packageservice already installed. Skipping. 
2022-05-10 14:22:52,794 [main] INFO  (Deployment.java [installAndDeploy]:192) - Application package http://exist-db.org/xquery/semver-xq already installed. Skipping. 
2022-05-10 14:22:52,799 [main] INFO  (Deployment.java [installAndDeploy]:192) - Application package http://exist-db.org/html-templating already installed. Skipping. 
2022-05-10 16:08:49,748 [main] INFO  (ExistRepository.java [prepare]:89) - Using directory /exist/etc/../data/expathrepo for expath package repository 
2022-05-10 16:08:49,759 [main] INFO  (Repository.java [<init>]:52) - Create a new repository with storage: File system storage in /exist/etc/../data/expathrepo 
2022-05-10 16:08:49,784 [main] INFO  (FileSystemStorage.java [getContenDir]:229) - None of content dirs exist: '/exist/etc/../data/expathrepo/exist-documentation-5.4.0/content' and '/exist/etc/../data/expathrepo/exist-documentation-5.4.0/exist-documentation' 
2022-05-10 16:08:49,800 [main] INFO  (FileSystemStorage.java [getContenDir]:229) - None of content dirs exist: '/exist/etc/../data/expathrepo/eXide-3.3.1/content' and '/exist/etc/../data/expathrepo/eXide-3.3.1/eXide' 
2022-05-10 16:08:49,805 [main] INFO  (FileSystemStorage.java [getContenDir]:254) - Warning: package uses old-style content dir: '/exist/etc/../data/expathrepo/functx-1.0.1/functx' 
2022-05-10 16:08:49,817 [main] INFO  (FileSystemStorage.java [getContenDir]:229) - None of content dirs exist: '/exist/etc/../data/expathrepo/dashboard-2.0.9/content' and '/exist/etc/../data/expathrepo/dashboard-2.0.9/dashboard' 
2022-05-10 16:08:49,828 [main] INFO  (FileSystemStorage.java [getContenDir]:229) - None of content dirs exist: '/exist/etc/../data/expathrepo/packageservice-1.3.13/content' and '/exist/etc/../data/expathrepo/packageservice-1.3.13/packageservice' 
2022-05-10 16:08:49,834 [main] INFO  (FileSystemStorage.java [getContenDir]:229) - None of content dirs exist: '/exist/etc/../data/expathrepo/fundocs-1.2.0/content' and '/exist/etc/../data/expathrepo/fundocs-1.2.0/fundocs' 
2022-05-10 16:08:51,963 [main] INFO  (AutoDeploymentTrigger.java [execute]:95) - Scanning autodeploy directory. Found 9 app packages. 
2022-05-10 16:08:52,068 [main] INFO  (Deployment.java [installAndDeploy]:192) - Application package http://exist-db.org/apps/dashboard already installed. Skipping. 
2022-05-10 16:08:52,076 [main] INFO  (Deployment.java [installAndDeploy]:192) - Application package http://exist-db.org/apps/eXide already installed. Skipping. 
2022-05-10 16:08:52,105 [main] INFO  (Deployment.java [installAndDeploy]:192) - Application package http://exist-db.org/apps/doc already installed. Skipping. 
2022-05-10 16:08:52,113 [main] INFO  (Deployment.java [installAndDeploy]:192) - Application package http://exist-db.org/apps/fundocs already installed. Skipping. 
2022-05-10 16:08:52,117 [main] INFO  (Deployment.java [installAndDeploy]:192) - Application package http://www.functx.com already installed. Skipping. 
2022-05-10 16:08:52,148 [main] INFO  (Deployment.java [installAndDeploy]:192) - Application package http://exist-db.org/apps/monex already installed. Skipping. 
2022-05-10 16:08:52,154 [main] INFO  (Deployment.java [installAndDeploy]:192) - Application package http://exist-db.org/apps/existdb-packageservice already installed. Skipping. 
2022-05-10 16:08:52,159 [main] INFO  (Deployment.java [installAndDeploy]:192) - Application package http://exist-db.org/xquery/semver-xq already installed. Skipping. 
2022-05-10 16:08:52,163 [main] INFO  (Deployment.java [installAndDeploy]:192) - Application package http://exist-db.org/html-templating already installed. Skipping. 
2022-05-10 16:13:56,412 [main] INFO  (ExistRepository.java [prepare]:89) - Using directory /exist/etc/../data/expathrepo for expath package repository 
2022-05-10 16:13:56,421 [main] INFO  (Repository.java [<init>]:52) - Create a new repository with storage: File system storage in /exist/etc/../data/expathrepo 
2022-05-10 16:13:56,444 [main] INFO  (FileSystemStorage.java [getContenDir]:229) - None of content dirs exist: '/exist/etc/../data/expathrepo/exist-documentation-5.4.0/content' and '/exist/etc/../data/expathrepo/exist-documentation-5.4.0/exist-documentation' 
2022-05-10 16:13:56,459 [main] INFO  (FileSystemStorage.java [getContenDir]:229) - None of content dirs exist: '/exist/etc/../data/expathrepo/eXide-3.3.1/content' and '/exist/etc/../data/expathrepo/eXide-3.3.1/eXide' 
2022-05-10 16:13:56,465 [main] INFO  (FileSystemStorage.java [getContenDir]:254) - Warning: package uses old-style content dir: '/exist/etc/../data/expathrepo/functx-1.0.1/functx' 
2022-05-10 16:13:56,474 [main] INFO  (FileSystemStorage.java [getContenDir]:229) - None of content dirs exist: '/exist/etc/../data/expathrepo/dashboard-2.0.9/content' and '/exist/etc/../data/expathrepo/dashboard-2.0.9/dashboard' 
2022-05-10 16:13:56,484 [main] INFO  (FileSystemStorage.java [getContenDir]:229) - None of content dirs exist: '/exist/etc/../data/expathrepo/packageservice-1.3.13/content' and '/exist/etc/../data/expathrepo/packageservice-1.3.13/packageservice' 
2022-05-10 16:13:56,490 [main] INFO  (FileSystemStorage.java [getContenDir]:229) - None of content dirs exist: '/exist/etc/../data/expathrepo/fundocs-1.2.0/content' and '/exist/etc/../data/expathrepo/fundocs-1.2.0/fundocs' 
2022-05-10 16:13:58,575 [main] INFO  (AutoDeploymentTrigger.java [execute]:95) - Scanning autodeploy directory. Found 9 app packages. 
2022-05-10 16:13:58,671 [main] INFO  (Deployment.java [installAndDeploy]:192) - Application package http://exist-db.org/apps/dashboard already installed. Skipping. 
2022-05-10 16:13:58,680 [main] INFO  (Deployment.java [installAndDeploy]:192) - Application package http://exist-db.org/apps/eXide already installed. Skipping. 
2022-05-10 16:13:58,706 [main] INFO  (Deployment.java [installAndDeploy]:192) - Application package http://exist-db.org/apps/doc already installed. Skipping. 
2022-05-10 16:13:58,713 [main] INFO  (Deployment.java [installAndDeploy]:192) - Application package http://exist-db.org/apps/fundocs already installed. Skipping. 
2022-05-10 16:13:58,717 [main] INFO  (Deployment.java [installAndDeploy]:192) - Application package http://www.functx.com already installed. Skipping. 
2022-05-10 16:13:58,746 [main] INFO  (Deployment.java [installAndDeploy]:192) - Application package http://exist-db.org/apps/monex already installed. Skipping. 
2022-05-10 16:13:58,751 [main] INFO  (Deployment.java [installAndDeploy]:192) - Application package http://exist-db.org/apps/existdb-packageservice already installed. Skipping. 
2022-05-10 16:13:58,756 [main] INFO  (Deployment.java [installAndDeploy]:192) - Application package http://exist-db.org/xquery/semver-xq already installed. Skipping. 
2022-05-10 16:13:58,759 [main] INFO  (Deployment.java [installAndDeploy]:192) - Application package http://exist-db.org/html-templating already installed. Skipping. 
