2022-04-28 18:41:04,932 [main] INFO  (RestXqServiceRegistryManager.java [getRegistry]:49) - Initialising RESTXQ... 
2022-04-28 18:41:04,936 [main] INFO  (RestXqServiceRegistryManager.java [getRegistry]:67) - RESTXQ is ready. 
2022-04-28 18:41:07,388 [main] WARN  (ExistXqueryRegistry.java [recordMissingDependency]:428) - Module '/db/apps/packageservice/controller.xql' has a missing dependency on '/db/apps/packageservice/modules/login-helper.xql'. Will re-examine if the missing module is added. 
2022-04-28 18:41:07,791 [main] WARN  (ExistXqueryRegistry.java [recordMissingDependency]:428) - Module '/db/apps/packageservice/modules/local-apps-json.xql' has a missing dependency on '/db/apps/packageservice/modules/packages.xqm'. Will re-examine if the missing module is added. 
2022-04-28 18:41:07,811 [main] WARN  (ExistXqueryRegistry.java [recordMissingDependency]:428) - Module '/db/apps/packageservice/modules/local-apps.xql' has a missing dependency on '/db/apps/packageservice/modules/packages.xqm'. Will re-examine if the missing module is added. 
2022-04-28 18:41:07,833 [main] WARN  (ExistXqueryRegistry.java [recordMissingDependency]:428) - Module '/db/apps/packageservice/modules/local-packages-json.xql' has a missing dependency on '/db/apps/packageservice/modules/packages.xqm'. Will re-examine if the missing module is added. 
2022-04-28 18:41:07,852 [main] WARN  (ExistXqueryRegistry.java [recordMissingDependency]:428) - Module '/db/apps/packageservice/modules/local-packages.xql' has a missing dependency on '/db/apps/packageservice/modules/packages.xqm'. Will re-examine if the missing module is added. 
2022-04-28 18:41:07,957 [main] INFO  (ExistXqueryRegistry.java [reexamineModulesWithResolvedDependencies]:321) - Missing dependency '/db/apps/packageservice/modules/login-helper.xql' has been added to the database, re-examining '/db/apps/packageservice/controller.xql'... 
2022-04-28 18:41:07,973 [main] WARN  (ExistXqueryRegistry.java [recordMissingDependency]:428) - Module '/db/apps/packageservice/controller.xql' has a missing dependency on '/db/apps/packageservice/modules/packages.xqm'. Will re-examine if the missing module is added. 
2022-04-28 18:41:07,974 [main] INFO  (ExistXqueryRegistry.java [reexamineModulesWithResolvedDependencies]:324) - Discovered 0 resource functions for /db/apps/packageservice/controller.xql 
2022-04-28 18:41:08,249 [main] INFO  (ExistXqueryRegistry.java [reexamineModulesWithResolvedDependencies]:321) - Missing dependency '/db/apps/packageservice/modules/packages.xqm' has been added to the database, re-examining '/db/apps/packageservice/modules/local-packages-json.xql'... 
2022-04-28 18:41:08,468 [main] INFO  (ExistXqueryRegistry.java [reexamineModulesWithResolvedDependencies]:324) - Discovered 0 resource functions for /db/apps/packageservice/modules/local-packages-json.xql 
2022-04-28 18:41:08,469 [main] INFO  (ExistXqueryRegistry.java [reexamineModulesWithResolvedDependencies]:321) - Missing dependency '/db/apps/packageservice/modules/packages.xqm' has been added to the database, re-examining '/db/apps/packageservice/modules/local-packages.xql'... 
2022-04-28 18:41:08,668 [main] INFO  (ExistXqueryRegistry.java [reexamineModulesWithResolvedDependencies]:324) - Discovered 0 resource functions for /db/apps/packageservice/modules/local-packages.xql 
2022-04-28 18:41:08,669 [main] INFO  (ExistXqueryRegistry.java [reexamineModulesWithResolvedDependencies]:321) - Missing dependency '/db/apps/packageservice/modules/packages.xqm' has been added to the database, re-examining '/db/apps/packageservice/controller.xql'... 
2022-04-28 18:41:08,860 [main] INFO  (ExistXqueryRegistry.java [reexamineModulesWithResolvedDependencies]:324) - Discovered 0 resource functions for /db/apps/packageservice/controller.xql 
2022-04-28 18:41:08,861 [main] INFO  (ExistXqueryRegistry.java [reexamineModulesWithResolvedDependencies]:321) - Missing dependency '/db/apps/packageservice/modules/packages.xqm' has been added to the database, re-examining '/db/apps/packageservice/modules/local-apps-json.xql'... 
2022-04-28 18:41:09,041 [main] INFO  (ExistXqueryRegistry.java [reexamineModulesWithResolvedDependencies]:324) - Discovered 0 resource functions for /db/apps/packageservice/modules/local-apps-json.xql 
2022-04-28 18:41:09,043 [main] INFO  (ExistXqueryRegistry.java [reexamineModulesWithResolvedDependencies]:321) - Missing dependency '/db/apps/packageservice/modules/packages.xqm' has been added to the database, re-examining '/db/apps/packageservice/modules/local-apps.xql'... 
2022-04-28 18:41:09,215 [main] INFO  (ExistXqueryRegistry.java [reexamineModulesWithResolvedDependencies]:324) - Discovered 0 resource functions for /db/apps/packageservice/modules/local-apps.xql 
2022-04-28 18:41:14,574 [main] WARN  (ExistXqueryRegistry.java [recordMissingDependency]:428) - Module '/db/apps/dashboard/bower_components/existdb-usermanager/controller.xql' has a missing dependency on '/db/apps/dashboard/bower_components/existdb-usermanager/modules/userManager.xqm'. Will re-examine if the missing module is added. 
2022-04-28 18:41:14,820 [main] WARN  (ExistXqueryRegistry.java [recordMissingDependency]:428) - Module '/db/apps/dashboard/bower_components/existdb-usermanager/modules/mytest.xql' has a missing dependency on '/db/apps/dashboard/bower_components/existdb-usermanager/modules/userManager2.xqm'. Will re-examine if the missing module is added. 
2022-04-28 18:41:14,980 [main] INFO  (ExistXqueryRegistry.java [reexamineModulesWithResolvedDependencies]:321) - Missing dependency '/db/apps/dashboard/bower_components/existdb-usermanager/modules/userManager.xqm' has been added to the database, re-examining '/db/apps/dashboard/bower_components/existdb-usermanager/controller.xql'... 
2022-04-28 18:41:15,178 [main] INFO  (ExistXqueryRegistry.java [reexamineModulesWithResolvedDependencies]:324) - Discovered 0 resource functions for /db/apps/dashboard/bower_components/existdb-usermanager/controller.xql 
2022-04-28 18:41:19,919 [main] WARN  (ExistXqueryRegistry.java [recordMissingDependency]:428) - Module '/db/apps/dashboard/modules/dashboard.xqm' has a missing dependency on '/db/apps/dashboard/modules/packages/packages.xqm'. Will re-examine if the missing module is added. 
2022-04-28 18:41:19,998 [main] WARN  (ExistXqueryRegistry.java [recordMissingDependency]:428) - Module '/db/apps/dashboard/modules/local-applications.xql' has a missing dependency on '/db/apps/dashboard/modules/dashboard.xqm'. Will re-examine if the missing module is added. 
2022-04-28 18:41:19,999 [main] WARN  (ExistXqueryRegistry.java [recordMissingDependency]:428) - Module '/db/apps/dashboard/modules/dashboard.xqm' has a missing dependency on '/db/apps/dashboard/modules/packages/packages.xqm'. Will re-examine if the missing module is added. 
2022-04-28 18:41:57,522 [main] WARN  (ExistXqueryRegistry.java [recordMissingDependency]:428) - Module '/db/apps/doc/controller.xql' has a missing dependency on '/db/apps/doc/modules/config.xqm'. Will re-examine if the missing module is added. 
2022-04-28 18:42:10,040 [main] WARN  (ExistXqueryRegistry.java [recordMissingDependency]:428) - Module '/db/apps/doc/modules/app.xql' has a missing dependency on '/db/apps/doc/modules/config.xqm'. Will re-examine if the missing module is added. 
2022-04-28 18:42:10,117 [main] INFO  (ExistXqueryRegistry.java [reexamineModulesWithResolvedDependencies]:321) - Missing dependency '/db/apps/doc/modules/config.xqm' has been added to the database, re-examining '/db/apps/doc/controller.xql'... 
2022-04-28 18:42:10,184 [main] INFO  (ExistXqueryRegistry.java [reexamineModulesWithResolvedDependencies]:324) - Discovered 0 resource functions for /db/apps/doc/controller.xql 
2022-04-28 18:42:10,184 [main] INFO  (ExistXqueryRegistry.java [reexamineModulesWithResolvedDependencies]:321) - Missing dependency '/db/apps/doc/modules/config.xqm' has been added to the database, re-examining '/db/apps/doc/modules/app.xql'... 
2022-04-28 18:42:10,249 [main] INFO  (ExistXqueryRegistry.java [reexamineModulesWithResolvedDependencies]:324) - Discovered 0 resource functions for /db/apps/doc/modules/app.xql 
2022-04-28 18:42:10,279 [main] WARN  (ExistXqueryRegistry.java [recordMissingDependency]:428) - Module '/db/apps/doc/modules/diagnostics.xql' has a missing dependency on '/db/apps/doc/modules/rvd-support.xql'. Will re-examine if the missing module is added. 
2022-04-28 18:42:10,368 [main] WARN  (ExistXqueryRegistry.java [recordMissingDependency]:428) - Module '/db/apps/doc/modules/docbook.xql' has a missing dependency on '/db/apps/doc/modules/search.xql'. Will re-examine if the missing module is added. 
2022-04-28 18:42:10,395 [main] WARN  (ExistXqueryRegistry.java [recordMissingDependency]:428) - Module '/db/apps/doc/modules/review.xql' has a missing dependency on '/db/apps/doc/modules/rvd-support.xql'. Will re-examine if the missing module is added. 
2022-04-28 18:42:10,472 [main] INFO  (ExistXqueryRegistry.java [reexamineModulesWithResolvedDependencies]:321) - Missing dependency '/db/apps/doc/modules/rvd-support.xql' has been added to the database, re-examining '/db/apps/doc/modules/diagnostics.xql'... 
2022-04-28 18:42:10,552 [main] INFO  (ExistXqueryRegistry.java [reexamineModulesWithResolvedDependencies]:324) - Discovered 0 resource functions for /db/apps/doc/modules/diagnostics.xql 
2022-04-28 18:42:10,553 [main] INFO  (ExistXqueryRegistry.java [reexamineModulesWithResolvedDependencies]:321) - Missing dependency '/db/apps/doc/modules/rvd-support.xql' has been added to the database, re-examining '/db/apps/doc/modules/review.xql'... 
2022-04-28 18:42:10,624 [main] INFO  (ExistXqueryRegistry.java [reexamineModulesWithResolvedDependencies]:324) - Discovered 0 resource functions for /db/apps/doc/modules/review.xql 
2022-04-28 18:42:10,727 [main] INFO  (ExistXqueryRegistry.java [reexamineModulesWithResolvedDependencies]:321) - Missing dependency '/db/apps/doc/modules/search.xql' has been added to the database, re-examining '/db/apps/doc/modules/docbook.xql'... 
2022-04-28 18:42:10,826 [main] INFO  (ExistXqueryRegistry.java [reexamineModulesWithResolvedDependencies]:324) - Discovered 0 resource functions for /db/apps/doc/modules/docbook.xql 
2022-04-28 18:42:10,914 [main] WARN  (ExistXqueryRegistry.java [recordMissingDependency]:428) - Module '/db/apps/doc/modules/test-runner.xql' has a missing dependency on '/db/apps/doc/modules/test-suite.xql'. Will re-examine if the missing module is added. 
2022-04-28 18:42:11,056 [main] INFO  (ExistXqueryRegistry.java [reexamineModulesWithResolvedDependencies]:321) - Missing dependency '/db/apps/doc/modules/test-suite.xql' has been added to the database, re-examining '/db/apps/doc/modules/test-runner.xql'... 
2022-04-28 18:42:11,281 [main] INFO  (ExistXqueryRegistry.java [reexamineModulesWithResolvedDependencies]:324) - Discovered 0 resource functions for /db/apps/doc/modules/test-runner.xql 
2022-04-28 18:43:03,233 [qtp2090167770-33] INFO  (RestXqServiceRegistryLogger.java [registered]:44) - Registered RESTXQ Resource Function: /db/apps/existdb-aws-restxq-example/modules/who-am-i.xqm,{http://exist-db.org/modules/ns/who-am-i}get#1 
2022-04-28 18:43:03,234 [qtp2090167770-33] INFO  (RestXqServiceRegistryPersistence.java [updateRegistryOnDisk]:149) - Preparing new RESTXQ registry on disk: /tmp/exist-db-temp-file-manager-18475714318122912/exist-db-temp-15911603327392308562.tmp 
2022-04-28 18:43:03,239 [qtp2090167770-33] INFO  (RestXqServiceRegistryPersistence.java [updateRegistryOnDisk]:187) - Replaced RESTXQ registry: exist-db-temp-15911603327392308562.tmp -> restxq.registry 
2022-04-28 18:43:37,330 [qtp2090167770-33] INFO  (AbstractExistHttpServlet.java [getOrCreateBrokerPool]:99) - Database already started. Skipping configuration ... 
2022-04-28 18:43:37,331 [qtp2090167770-33] INFO  (AbstractExistHttpServlet.java [doGeneralExistServletConfig]:187) - Using default user guest for all unauthorized requests. 
2022-04-29 04:01:35,355 [main] INFO  (RestXqServiceRegistryManager.java [getRegistry]:49) - Initialising RESTXQ... 
2022-04-29 04:01:35,360 [main] INFO  (RestXqServiceRegistryPersistence.java [loadRegistry]:98) - Loading RESTXQ registry from: /exist/etc/../data/restxq.registry 
2022-04-29 04:01:35,573 [main] INFO  (RestXqServiceRegistryLogger.java [registered]:44) - Registered RESTXQ Resource Function: /db/apps/existdb-aws-restxq-example/modules/who-am-i.xqm,{http://exist-db.org/modules/ns/who-am-i}get#1 
2022-04-29 04:01:35,574 [main] INFO  (RestXqServiceRegistryPersistence.java [loadRegistry]:122) - RESTXQ registry loaded. 
2022-04-29 04:01:35,575 [main] INFO  (RestXqServiceRegistryManager.java [getRegistry]:67) - RESTXQ is ready. 
2022-05-03 18:29:43,111 [main] INFO  (RestXqServiceRegistryManager.java [getRegistry]:49) - Initialising RESTXQ... 
2022-05-03 18:29:43,117 [main] INFO  (RestXqServiceRegistryPersistence.java [loadRegistry]:98) - Loading RESTXQ registry from: /exist/etc/../data/restxq.registry 
2022-05-03 18:29:43,366 [main] INFO  (RestXqServiceRegistryLogger.java [registered]:44) - Registered RESTXQ Resource Function: /db/apps/existdb-aws-restxq-example/modules/who-am-i.xqm,{http://exist-db.org/modules/ns/who-am-i}get#1 
2022-05-03 18:29:43,367 [main] INFO  (RestXqServiceRegistryPersistence.java [loadRegistry]:122) - RESTXQ registry loaded. 
2022-05-03 18:29:43,368 [main] INFO  (RestXqServiceRegistryManager.java [getRegistry]:67) - RESTXQ is ready. 
2022-05-03 18:44:09,860 [main] INFO  (RestXqServiceRegistryManager.java [getRegistry]:49) - Initialising RESTXQ... 
2022-05-03 18:44:09,868 [main] INFO  (RestXqServiceRegistryPersistence.java [loadRegistry]:98) - Loading RESTXQ registry from: /exist/etc/../data/restxq.registry 
2022-05-03 18:44:10,073 [main] INFO  (RestXqServiceRegistryLogger.java [registered]:44) - Registered RESTXQ Resource Function: /db/apps/existdb-aws-restxq-example/modules/who-am-i.xqm,{http://exist-db.org/modules/ns/who-am-i}get#1 
2022-05-03 18:44:10,075 [main] INFO  (RestXqServiceRegistryPersistence.java [loadRegistry]:122) - RESTXQ registry loaded. 
2022-05-03 18:44:10,075 [main] INFO  (RestXqServiceRegistryManager.java [getRegistry]:67) - RESTXQ is ready. 
2022-05-04 15:17:40,589 [main] INFO  (RestXqServiceRegistryManager.java [getRegistry]:49) - Initialising RESTXQ... 
2022-05-04 15:17:40,596 [main] INFO  (RestXqServiceRegistryPersistence.java [loadRegistry]:98) - Loading RESTXQ registry from: /exist/etc/../data/restxq.registry 
2022-05-04 15:17:40,886 [main] INFO  (RestXqServiceRegistryLogger.java [registered]:44) - Registered RESTXQ Resource Function: /db/apps/existdb-aws-restxq-example/modules/who-am-i.xqm,{http://exist-db.org/modules/ns/who-am-i}get#1 
2022-05-04 15:17:40,888 [main] INFO  (RestXqServiceRegistryPersistence.java [loadRegistry]:122) - RESTXQ registry loaded. 
2022-05-04 15:17:40,889 [main] INFO  (RestXqServiceRegistryManager.java [getRegistry]:67) - RESTXQ is ready. 
2022-05-10 14:22:52,358 [main] INFO  (RestXqServiceRegistryManager.java [getRegistry]:49) - Initialising RESTXQ... 
2022-05-10 14:22:52,363 [main] INFO  (RestXqServiceRegistryPersistence.java [loadRegistry]:98) - Loading RESTXQ registry from: /exist/etc/../data/restxq.registry 
2022-05-10 14:22:52,578 [main] INFO  (RestXqServiceRegistryLogger.java [registered]:44) - Registered RESTXQ Resource Function: /db/apps/existdb-aws-restxq-example/modules/who-am-i.xqm,{http://exist-db.org/modules/ns/who-am-i}get#1 
2022-05-10 14:22:52,579 [main] INFO  (RestXqServiceRegistryPersistence.java [loadRegistry]:122) - RESTXQ registry loaded. 
2022-05-10 14:22:52,579 [main] INFO  (RestXqServiceRegistryManager.java [getRegistry]:67) - RESTXQ is ready. 
2022-05-10 16:08:51,758 [main] INFO  (RestXqServiceRegistryManager.java [getRegistry]:49) - Initialising RESTXQ... 
2022-05-10 16:08:51,762 [main] INFO  (RestXqServiceRegistryPersistence.java [loadRegistry]:98) - Loading RESTXQ registry from: /exist/etc/../data/restxq.registry 
2022-05-10 16:08:51,957 [main] INFO  (RestXqServiceRegistryLogger.java [registered]:44) - Registered RESTXQ Resource Function: /db/apps/existdb-aws-restxq-example/modules/who-am-i.xqm,{http://exist-db.org/modules/ns/who-am-i}get#1 
2022-05-10 16:08:51,959 [main] INFO  (RestXqServiceRegistryPersistence.java [loadRegistry]:122) - RESTXQ registry loaded. 
2022-05-10 16:08:51,959 [main] INFO  (RestXqServiceRegistryManager.java [getRegistry]:67) - RESTXQ is ready. 
2022-05-10 16:13:58,405 [main] INFO  (RestXqServiceRegistryManager.java [getRegistry]:49) - Initialising RESTXQ... 
2022-05-10 16:13:58,409 [main] INFO  (RestXqServiceRegistryPersistence.java [loadRegistry]:98) - Loading RESTXQ registry from: /exist/etc/../data/restxq.registry 
2022-05-10 16:13:58,571 [main] INFO  (RestXqServiceRegistryLogger.java [registered]:44) - Registered RESTXQ Resource Function: /db/apps/existdb-aws-restxq-example/modules/who-am-i.xqm,{http://exist-db.org/modules/ns/who-am-i}get#1 
2022-05-10 16:13:58,571 [main] INFO  (RestXqServiceRegistryPersistence.java [loadRegistry]:122) - RESTXQ registry loaded. 
2022-05-10 16:13:58,572 [main] INFO  (RestXqServiceRegistryManager.java [getRegistry]:67) - RESTXQ is ready. 
