2022-04-28 18:41:33,546 [main] ERROR (DatabaseImpl.java [getRemoteCollection]:256) - Failed to read server's response: Connection refused (Connection refused) 
org.xmldb.api.base.XMLDBException: Failed to read server's response: Connection refused (Connection refused)
	at org.exist.xmldb.RemoteCollection.instance(RemoteCollection.java:111) ~[exist-core-6.0.1.jar:6.0.1]
	at org.exist.xmldb.RemoteCollection.instance(RemoteCollection.java:87) ~[exist-core-6.0.1.jar:6.0.1]
	at org.exist.xmldb.DatabaseImpl.readCollection(DatabaseImpl.java:280) ~[exist-core-6.0.1.jar:6.0.1]
	at org.exist.xmldb.DatabaseImpl.getRemoteCollection(DatabaseImpl.java:242) [exist-core-6.0.1.jar:6.0.1]
	at org.exist.xmldb.DatabaseImpl.getCollection(DatabaseImpl.java:182) [exist-core-6.0.1.jar:6.0.1]
	at org.exist.xmldb.DatabaseImpl.getCollection(DatabaseImpl.java:171) [exist-core-6.0.1.jar:6.0.1]
	at org.xmldb.api.DatabaseManager.getCollection(DatabaseManager.java:235) [xmldb-api-1.7.0.jar:1.7.0]
	at org.exist.client.InteractiveClient.connect(InteractiveClient.java:314) [exist-core-6.0.1.jar:6.0.1]
	at org.exist.client.InteractiveClient.connectToDatabase(InteractiveClient.java:2151) [exist-core-6.0.1.jar:6.0.1]
	at org.exist.client.InteractiveClient.run(InteractiveClient.java:2253) [exist-core-6.0.1.jar:6.0.1]
	at org.exist.client.InteractiveClient.main(InteractiveClient.java:251) [exist-core-6.0.1.jar:6.0.1]
	at jdk.internal.reflect.NativeMethodAccessorImpl.invoke0(Native Method) ~[?:?]
	at jdk.internal.reflect.NativeMethodAccessorImpl.invoke(NativeMethodAccessorImpl.java:62) ~[?:?]
	at jdk.internal.reflect.DelegatingMethodAccessorImpl.invoke(DelegatingMethodAccessorImpl.java:43) ~[?:?]
	at java.lang.reflect.Method.invoke(Method.java:566) ~[?:?]
	at org.exist.start.Main.invokeMain(Main.java:153) [exist-start-6.0.1.jar:6.0.1]
	at org.exist.start.Main.runEx(Main.java:292) [exist-start-6.0.1.jar:6.0.1]
	at org.exist.start.Main.run(Main.java:158) [exist-start-6.0.1.jar:6.0.1]
	at org.exist.start.Main.main(Main.java:95) [exist-start-6.0.1.jar:6.0.1]
Caused by: org.apache.xmlrpc.XmlRpcException: Failed to read server's response: Connection refused (Connection refused)
	at org.apache.xmlrpc.client.XmlRpcStreamTransport.sendRequest(XmlRpcStreamTransport.java:179) ~[xmlrpc-client-4.0.0.jar:4.0.0]
	at org.apache.xmlrpc.client.XmlRpcHttpTransport.sendRequest(XmlRpcHttpTransport.java:142) ~[xmlrpc-client-4.0.0.jar:4.0.0]
	at org.apache.xmlrpc.client.XmlRpcSunHttpTransport.sendRequest(XmlRpcSunHttpTransport.java:70) ~[xmlrpc-client-4.0.0.jar:4.0.0]
	at org.apache.xmlrpc.client.XmlRpcClientWorker.execute(XmlRpcClientWorker.java:56) ~[xmlrpc-client-4.0.0.jar:4.0.0]
	at org.apache.xmlrpc.client.XmlRpcClient.execute(XmlRpcClient.java:167) ~[xmlrpc-client-4.0.0.jar:4.0.0]
	at org.apache.xmlrpc.client.XmlRpcClient.execute(XmlRpcClient.java:158) ~[xmlrpc-client-4.0.0.jar:4.0.0]
	at org.apache.xmlrpc.client.XmlRpcClient.execute(XmlRpcClient.java:147) ~[xmlrpc-client-4.0.0.jar:4.0.0]
	at org.exist.xmldb.RemoteCollection.instance(RemoteCollection.java:99) ~[exist-core-6.0.1.jar:6.0.1]
	... 18 more
Caused by: java.net.ConnectException: Connection refused (Connection refused)
	at java.net.PlainSocketImpl.socketConnect(Native Method) ~[?:?]
	at java.net.AbstractPlainSocketImpl.doConnect(AbstractPlainSocketImpl.java:412) ~[?:?]
	at java.net.AbstractPlainSocketImpl.connectToAddress(AbstractPlainSocketImpl.java:255) ~[?:?]
	at java.net.AbstractPlainSocketImpl.connect(AbstractPlainSocketImpl.java:237) ~[?:?]
	at java.net.Socket.connect(Socket.java:609) ~[?:?]
	at java.net.Socket.connect(Socket.java:558) ~[?:?]
	at sun.net.NetworkClient.doConnect(NetworkClient.java:182) ~[?:?]
	at sun.net.www.http.HttpClient.openServer(HttpClient.java:474) ~[?:?]
	at sun.net.www.http.HttpClient.openServer(HttpClient.java:569) ~[?:?]
	at sun.net.www.http.HttpClient.<init>(HttpClient.java:242) ~[?:?]
	at sun.net.www.http.HttpClient.New(HttpClient.java:341) ~[?:?]
	at sun.net.www.http.HttpClient.New(HttpClient.java:362) ~[?:?]
	at sun.net.www.protocol.http.HttpURLConnection.getNewHttpClient(HttpURLConnection.java:1253) ~[?:?]
	at sun.net.www.protocol.http.HttpURLConnection.plainConnect0(HttpURLConnection.java:1187) ~[?:?]
	at sun.net.www.protocol.http.HttpURLConnection.plainConnect(HttpURLConnection.java:1081) ~[?:?]
	at sun.net.www.protocol.http.HttpURLConnection.connect(HttpURLConnection.java:1015) ~[?:?]
	at sun.net.www.protocol.http.HttpURLConnection.getOutputStream0(HttpURLConnection.java:1367) ~[?:?]
	at sun.net.www.protocol.http.HttpURLConnection.getOutputStream(HttpURLConnection.java:1342) ~[?:?]
	at org.apache.xmlrpc.client.XmlRpcSunHttpTransport.writeRequest(XmlRpcSunHttpTransport.java:105) ~[xmlrpc-client-4.0.0.jar:4.0.0]
	at org.apache.xmlrpc.client.XmlRpcStreamTransport.sendRequest(XmlRpcStreamTransport.java:168) ~[xmlrpc-client-4.0.0.jar:4.0.0]
	at org.apache.xmlrpc.client.XmlRpcHttpTransport.sendRequest(XmlRpcHttpTransport.java:142) ~[xmlrpc-client-4.0.0.jar:4.0.0]
	at org.apache.xmlrpc.client.XmlRpcSunHttpTransport.sendRequest(XmlRpcSunHttpTransport.java:70) ~[xmlrpc-client-4.0.0.jar:4.0.0]
	at org.apache.xmlrpc.client.XmlRpcClientWorker.execute(XmlRpcClientWorker.java:56) ~[xmlrpc-client-4.0.0.jar:4.0.0]
	at org.apache.xmlrpc.client.XmlRpcClient.execute(XmlRpcClient.java:167) ~[xmlrpc-client-4.0.0.jar:4.0.0]
	at org.apache.xmlrpc.client.XmlRpcClient.execute(XmlRpcClient.java:158) ~[xmlrpc-client-4.0.0.jar:4.0.0]
	at org.apache.xmlrpc.client.XmlRpcClient.execute(XmlRpcClient.java:147) ~[xmlrpc-client-4.0.0.jar:4.0.0]
	at org.exist.xmldb.RemoteCollection.instance(RemoteCollection.java:99) ~[exist-core-6.0.1.jar:6.0.1]
	... 18 more
2022-04-28 18:42:05,244 [main] ERROR (DatabaseImpl.java [getRemoteCollection]:256) - Failed to read server's response: Connection refused (Connection refused) 
org.xmldb.api.base.XMLDBException: Failed to read server's response: Connection refused (Connection refused)
	at org.exist.xmldb.RemoteCollection.instance(RemoteCollection.java:111) ~[exist-core-6.0.1.jar:6.0.1]
	at org.exist.xmldb.RemoteCollection.instance(RemoteCollection.java:87) ~[exist-core-6.0.1.jar:6.0.1]
	at org.exist.xmldb.DatabaseImpl.readCollection(DatabaseImpl.java:280) ~[exist-core-6.0.1.jar:6.0.1]
	at org.exist.xmldb.DatabaseImpl.getRemoteCollection(DatabaseImpl.java:242) [exist-core-6.0.1.jar:6.0.1]
	at org.exist.xmldb.DatabaseImpl.getCollection(DatabaseImpl.java:182) [exist-core-6.0.1.jar:6.0.1]
	at org.exist.xmldb.DatabaseImpl.getCollection(DatabaseImpl.java:171) [exist-core-6.0.1.jar:6.0.1]
	at org.xmldb.api.DatabaseManager.getCollection(DatabaseManager.java:235) [xmldb-api-1.7.0.jar:1.7.0]
	at org.exist.client.InteractiveClient.connect(InteractiveClient.java:314) [exist-core-6.0.1.jar:6.0.1]
	at org.exist.client.InteractiveClient.connectToDatabase(InteractiveClient.java:2151) [exist-core-6.0.1.jar:6.0.1]
	at org.exist.client.InteractiveClient.run(InteractiveClient.java:2253) [exist-core-6.0.1.jar:6.0.1]
	at org.exist.client.InteractiveClient.main(InteractiveClient.java:251) [exist-core-6.0.1.jar:6.0.1]
	at jdk.internal.reflect.NativeMethodAccessorImpl.invoke0(Native Method) ~[?:?]
	at jdk.internal.reflect.NativeMethodAccessorImpl.invoke(NativeMethodAccessorImpl.java:62) ~[?:?]
	at jdk.internal.reflect.DelegatingMethodAccessorImpl.invoke(DelegatingMethodAccessorImpl.java:43) ~[?:?]
	at java.lang.reflect.Method.invoke(Method.java:566) ~[?:?]
	at org.exist.start.Main.invokeMain(Main.java:153) [exist-start-6.0.1.jar:6.0.1]
	at org.exist.start.Main.runEx(Main.java:292) [exist-start-6.0.1.jar:6.0.1]
	at org.exist.start.Main.run(Main.java:158) [exist-start-6.0.1.jar:6.0.1]
	at org.exist.start.Main.main(Main.java:95) [exist-start-6.0.1.jar:6.0.1]
Caused by: org.apache.xmlrpc.XmlRpcException: Failed to read server's response: Connection refused (Connection refused)
	at org.apache.xmlrpc.client.XmlRpcStreamTransport.sendRequest(XmlRpcStreamTransport.java:179) ~[xmlrpc-client-4.0.0.jar:4.0.0]
	at org.apache.xmlrpc.client.XmlRpcHttpTransport.sendRequest(XmlRpcHttpTransport.java:142) ~[xmlrpc-client-4.0.0.jar:4.0.0]
	at org.apache.xmlrpc.client.XmlRpcSunHttpTransport.sendRequest(XmlRpcSunHttpTransport.java:70) ~[xmlrpc-client-4.0.0.jar:4.0.0]
	at org.apache.xmlrpc.client.XmlRpcClientWorker.execute(XmlRpcClientWorker.java:56) ~[xmlrpc-client-4.0.0.jar:4.0.0]
	at org.apache.xmlrpc.client.XmlRpcClient.execute(XmlRpcClient.java:167) ~[xmlrpc-client-4.0.0.jar:4.0.0]
	at org.apache.xmlrpc.client.XmlRpcClient.execute(XmlRpcClient.java:158) ~[xmlrpc-client-4.0.0.jar:4.0.0]
	at org.apache.xmlrpc.client.XmlRpcClient.execute(XmlRpcClient.java:147) ~[xmlrpc-client-4.0.0.jar:4.0.0]
	at org.exist.xmldb.RemoteCollection.instance(RemoteCollection.java:99) ~[exist-core-6.0.1.jar:6.0.1]
	... 18 more
Caused by: java.net.ConnectException: Connection refused (Connection refused)
	at java.net.PlainSocketImpl.socketConnect(Native Method) ~[?:?]
	at java.net.AbstractPlainSocketImpl.doConnect(AbstractPlainSocketImpl.java:412) ~[?:?]
	at java.net.AbstractPlainSocketImpl.connectToAddress(AbstractPlainSocketImpl.java:255) ~[?:?]
	at java.net.AbstractPlainSocketImpl.connect(AbstractPlainSocketImpl.java:237) ~[?:?]
	at java.net.Socket.connect(Socket.java:609) ~[?:?]
	at java.net.Socket.connect(Socket.java:558) ~[?:?]
	at sun.net.NetworkClient.doConnect(NetworkClient.java:182) ~[?:?]
	at sun.net.www.http.HttpClient.openServer(HttpClient.java:474) ~[?:?]
	at sun.net.www.http.HttpClient.openServer(HttpClient.java:569) ~[?:?]
	at sun.net.www.http.HttpClient.<init>(HttpClient.java:242) ~[?:?]
	at sun.net.www.http.HttpClient.New(HttpClient.java:341) ~[?:?]
	at sun.net.www.http.HttpClient.New(HttpClient.java:362) ~[?:?]
	at sun.net.www.protocol.http.HttpURLConnection.getNewHttpClient(HttpURLConnection.java:1253) ~[?:?]
	at sun.net.www.protocol.http.HttpURLConnection.plainConnect0(HttpURLConnection.java:1187) ~[?:?]
	at sun.net.www.protocol.http.HttpURLConnection.plainConnect(HttpURLConnection.java:1081) ~[?:?]
	at sun.net.www.protocol.http.HttpURLConnection.connect(HttpURLConnection.java:1015) ~[?:?]
	at sun.net.www.protocol.http.HttpURLConnection.getOutputStream0(HttpURLConnection.java:1367) ~[?:?]
	at sun.net.www.protocol.http.HttpURLConnection.getOutputStream(HttpURLConnection.java:1342) ~[?:?]
	at org.apache.xmlrpc.client.XmlRpcSunHttpTransport.writeRequest(XmlRpcSunHttpTransport.java:105) ~[xmlrpc-client-4.0.0.jar:4.0.0]
	at org.apache.xmlrpc.client.XmlRpcStreamTransport.sendRequest(XmlRpcStreamTransport.java:168) ~[xmlrpc-client-4.0.0.jar:4.0.0]
	at org.apache.xmlrpc.client.XmlRpcHttpTransport.sendRequest(XmlRpcHttpTransport.java:142) ~[xmlrpc-client-4.0.0.jar:4.0.0]
	at org.apache.xmlrpc.client.XmlRpcSunHttpTransport.sendRequest(XmlRpcSunHttpTransport.java:70) ~[xmlrpc-client-4.0.0.jar:4.0.0]
	at org.apache.xmlrpc.client.XmlRpcClientWorker.execute(XmlRpcClientWorker.java:56) ~[xmlrpc-client-4.0.0.jar:4.0.0]
	at org.apache.xmlrpc.client.XmlRpcClient.execute(XmlRpcClient.java:167) ~[xmlrpc-client-4.0.0.jar:4.0.0]
	at org.apache.xmlrpc.client.XmlRpcClient.execute(XmlRpcClient.java:158) ~[xmlrpc-client-4.0.0.jar:4.0.0]
	at org.apache.xmlrpc.client.XmlRpcClient.execute(XmlRpcClient.java:147) ~[xmlrpc-client-4.0.0.jar:4.0.0]
	at org.exist.xmldb.RemoteCollection.instance(RemoteCollection.java:99) ~[exist-core-6.0.1.jar:6.0.1]
	... 18 more
