COLLECTION: /db
COLLECTION: /db/system
COLLECTION: /db/system/config
COLLECTION: /db/system/config/db
COLLECTION: /db/system/config/db/apps
COLLECTION: /db/system/config/db/apps/doc
COLLECTION: /db/system/config/db/apps/doc/data
COLLECTION: /db/system/config/db/apps/fundocs
COLLECTION: /db/system/config/db/apps/monex
COLLECTION: /db/system/config/db/apps/monex/indexes-test
COLLECTION: /db/system/config/db/apps/eXide
COLLECTION: /db/system/config/db/system
COLLECTION: /db/system/config/db/system/repo
COLLECTION: /db/system/security
COLLECTION: /db/system/security/exist
COLLECTION: /db/system/security/exist/accounts
COLLECTION: /db/system/security/exist/accounts/removed
COLLECTION: /db/system/security/exist/groups
COLLECTION: /db/system/security/exist/groups/removed
COLLECTION: /db/system/plugins
COLLECTION: /db/system/repo
COLLECTION: /db/system/repo/functx-1.0.1
COLLECTION: /db/system/repo/functx-1.0.1/functx
COLLECTION: /db/system/repo/semver-xq-2.3.0
COLLECTION: /db/system/repo/semver-xq-2.3.0/content
COLLECTION: /db/system/repo/templating-1.0.4
COLLECTION: /db/system/repo/templating-1.0.4/content
COLLECTION: /db/apps
COLLECTION: /db/apps/packageservice
COLLECTION: /db/apps/packageservice/modules
COLLECTION: /db/apps/packageservice/resources
COLLECTION: /db/apps/packageservice/resources/images
COLLECTION: /db/apps/packageservice/resources/images/GitHub-Mark
COLLECTION: /db/apps/packageservice/resources/images/GitHub-Mark/PNG
COLLECTION: /db/apps/packageservice/resources/images/GitHub-Mark/Vector
COLLECTION: /db/apps/dashboard
COLLECTION: /db/apps/dashboard/bower_components
COLLECTION: /db/apps/dashboard/bower_components/app-layout
COLLECTION: /db/apps/dashboard/bower_components/app-layout/app-drawer
COLLECTION: /db/apps/dashboard/bower_components/app-layout/app-drawer-layout
COLLECTION: /db/apps/dashboard/bower_components/app-layout/app-header
COLLECTION: /db/apps/dashboard/bower_components/app-layout/app-header-layout
COLLECTION: /db/apps/dashboard/bower_components/app-layout/app-layout-behavior
COLLECTION: /db/apps/dashboard/bower_components/app-layout/app-scroll-effects
COLLECTION: /db/apps/dashboard/bower_components/app-layout/app-scroll-effects/effects
COLLECTION: /db/apps/dashboard/bower_components/app-layout/app-toolbar
COLLECTION: /db/apps/dashboard/bower_components/app-layout/helpers
COLLECTION: /db/apps/dashboard/bower_components/app-route
COLLECTION: /db/apps/dashboard/bower_components/existdb-backup
COLLECTION: /db/apps/dashboard/bower_components/existdb-backup/modules
COLLECTION: /db/apps/dashboard/bower_components/existdb-launcher
COLLECTION: /db/apps/dashboard/bower_components/existdb-launcher/modules
COLLECTION: /db/apps/dashboard/bower_components/existdb-launcher/resources
COLLECTION: /db/apps/dashboard/bower_components/existdb-packagemanager
COLLECTION: /db/apps/dashboard/bower_components/existdb-packagemanager/modules
COLLECTION: /db/apps/dashboard/bower_components/existdb-usermanager
COLLECTION: /db/apps/dashboard/bower_components/existdb-usermanager/modules
COLLECTION: /db/apps/dashboard/bower_components/font-roboto
COLLECTION: /db/apps/dashboard/bower_components/iron-a11y-announcer
COLLECTION: /db/apps/dashboard/bower_components/iron-a11y-keys
COLLECTION: /db/apps/dashboard/bower_components/iron-a11y-keys-behavior
COLLECTION: /db/apps/dashboard/bower_components/iron-ajax
COLLECTION: /db/apps/dashboard/bower_components/iron-behaviors
COLLECTION: /db/apps/dashboard/bower_components/iron-checked-element-behavior
COLLECTION: /db/apps/dashboard/bower_components/iron-collapse
COLLECTION: /db/apps/dashboard/bower_components/iron-dropdown
COLLECTION: /db/apps/dashboard/bower_components/iron-fit-behavior
COLLECTION: /db/apps/dashboard/bower_components/iron-flex-layout
COLLECTION: /db/apps/dashboard/bower_components/iron-form
COLLECTION: /db/apps/dashboard/bower_components/iron-form-element-behavior
COLLECTION: /db/apps/dashboard/bower_components/iron-icon
COLLECTION: /db/apps/dashboard/bower_components/iron-icons
COLLECTION: /db/apps/dashboard/bower_components/iron-iconset-svg
COLLECTION: /db/apps/dashboard/bower_components/iron-image
COLLECTION: /db/apps/dashboard/bower_components/iron-input
COLLECTION: /db/apps/dashboard/bower_components/iron-lazy-pages
COLLECTION: /db/apps/dashboard/bower_components/iron-location
COLLECTION: /db/apps/dashboard/bower_components/iron-media-query
COLLECTION: /db/apps/dashboard/bower_components/iron-menu-behavior
COLLECTION: /db/apps/dashboard/bower_components/iron-meta
COLLECTION: /db/apps/dashboard/bower_components/iron-overlay-behavior
COLLECTION: /db/apps/dashboard/bower_components/iron-pages
COLLECTION: /db/apps/dashboard/bower_components/iron-range-behavior
COLLECTION: /db/apps/dashboard/bower_components/iron-resizable-behavior
COLLECTION: /db/apps/dashboard/bower_components/iron-scroll-target-behavior
COLLECTION: /db/apps/dashboard/bower_components/iron-selector
COLLECTION: /db/apps/dashboard/bower_components/iron-validatable-behavior
COLLECTION: /db/apps/dashboard/bower_components/iron-validator-behavior
COLLECTION: /db/apps/dashboard/bower_components/neon-animation
COLLECTION: /db/apps/dashboard/bower_components/neon-animation/animations
COLLECTION: /db/apps/dashboard/bower_components/paper-badge
COLLECTION: /db/apps/dashboard/bower_components/paper-behaviors
COLLECTION: /db/apps/dashboard/bower_components/paper-button
COLLECTION: /db/apps/dashboard/bower_components/paper-card
COLLECTION: /db/apps/dashboard/bower_components/paper-checkbox
COLLECTION: /db/apps/dashboard/bower_components/paper-dialog
COLLECTION: /db/apps/dashboard/bower_components/paper-dialog-behavior
COLLECTION: /db/apps/dashboard/bower_components/paper-dialog-scrollable
COLLECTION: /db/apps/dashboard/bower_components/paper-fab
COLLECTION: /db/apps/dashboard/bower_components/paper-icon-button
COLLECTION: /db/apps/dashboard/bower_components/paper-input
COLLECTION: /db/apps/dashboard/bower_components/paper-item
COLLECTION: /db/apps/dashboard/bower_components/paper-listbox
COLLECTION: /db/apps/dashboard/bower_components/paper-material
COLLECTION: /db/apps/dashboard/bower_components/paper-menu-button
COLLECTION: /db/apps/dashboard/bower_components/paper-password-input
COLLECTION: /db/apps/dashboard/bower_components/paper-progress
COLLECTION: /db/apps/dashboard/bower_components/paper-ripple
COLLECTION: /db/apps/dashboard/bower_components/paper-spinner
COLLECTION: /db/apps/dashboard/bower_components/paper-styles
COLLECTION: /db/apps/dashboard/bower_components/paper-styles/element-styles
COLLECTION: /db/apps/dashboard/bower_components/paper-tabs
COLLECTION: /db/apps/dashboard/bower_components/paper-toast
COLLECTION: /db/apps/dashboard/bower_components/paper-toggle-button
COLLECTION: /db/apps/dashboard/bower_components/polymer
COLLECTION: /db/apps/dashboard/bower_components/polymer/lib
COLLECTION: /db/apps/dashboard/bower_components/polymer/lib/elements
COLLECTION: /db/apps/dashboard/bower_components/polymer/lib/legacy
COLLECTION: /db/apps/dashboard/bower_components/polymer/lib/mixins
COLLECTION: /db/apps/dashboard/bower_components/polymer/lib/utils
COLLECTION: /db/apps/dashboard/bower_components/repo-elements
COLLECTION: /db/apps/dashboard/bower_components/shadycss
COLLECTION: /db/apps/dashboard/bower_components/vaadin-button
COLLECTION: /db/apps/dashboard/bower_components/vaadin-control-state-mixin
COLLECTION: /db/apps/dashboard/bower_components/vaadin-development-mode-detector
COLLECTION: /db/apps/dashboard/bower_components/vaadin-element-mixin
COLLECTION: /db/apps/dashboard/bower_components/vaadin-lumo-styles
COLLECTION: /db/apps/dashboard/bower_components/vaadin-progress-bar
COLLECTION: /db/apps/dashboard/bower_components/vaadin-progress-bar/demo
COLLECTION: /db/apps/dashboard/bower_components/vaadin-progress-bar/src
COLLECTION: /db/apps/dashboard/bower_components/vaadin-progress-bar/test
COLLECTION: /db/apps/dashboard/bower_components/vaadin-progress-bar/test/visual
COLLECTION: /db/apps/dashboard/bower_components/vaadin-progress-bar/test/visual/screens
COLLECTION: /db/apps/dashboard/bower_components/vaadin-progress-bar/test/visual/screens/vaadin-progress-bar
COLLECTION: /db/apps/dashboard/bower_components/vaadin-progress-bar/test/visual/screens/vaadin-progress-bar/default-tests
COLLECTION: /db/apps/dashboard/bower_components/vaadin-progress-bar/test/visual/screens/vaadin-progress-bar/default-tests/vaadin-progress-bar
COLLECTION: /db/apps/dashboard/bower_components/vaadin-progress-bar/theme
COLLECTION: /db/apps/dashboard/bower_components/vaadin-progress-bar/theme/lumo
COLLECTION: /db/apps/dashboard/bower_components/vaadin-themable-mixin
COLLECTION: /db/apps/dashboard/bower_components/vaadin-upload
COLLECTION: /db/apps/dashboard/bower_components/vaadin-usage-statistics
COLLECTION: /db/apps/dashboard/bower_components/web-animations-js
COLLECTION: /db/apps/dashboard/bower_components/webcomponentsjs
COLLECTION: /db/apps/dashboard/modules
COLLECTION: /db/apps/dashboard/resources
COLLECTION: /db/apps/dashboard/resources/images
COLLECTION: /db/apps/doc
COLLECTION: /db/apps/doc/data
COLLECTION: /db/apps/doc/data/advanced-installation
COLLECTION: /db/apps/doc/data/advanced-installation/assets
COLLECTION: /db/apps/doc/data/advanced-installation/listings
COLLECTION: /db/apps/doc/data/ant-tasks
COLLECTION: /db/apps/doc/data/ant-tasks/listings
COLLECTION: /db/apps/doc/data/author-reference
COLLECTION: /db/apps/doc/data/author-reference/assets
COLLECTION: /db/apps/doc/data/author-reference/listings
COLLECTION: /db/apps/doc/data/backup
COLLECTION: /db/apps/doc/data/backup/assets
COLLECTION: /db/apps/doc/data/backup/listings
COLLECTION: /db/apps/doc/data/basic-installation
COLLECTION: /db/apps/doc/data/basic-installation/assets
COLLECTION: /db/apps/doc/data/basic-installation/listings
COLLECTION: /db/apps/doc/data/beginners-guide-to-xrx-v4
COLLECTION: /db/apps/doc/data/beginners-guide-to-xrx-v4/assets
COLLECTION: /db/apps/doc/data/beginners-guide-to-xrx-v4/listings
COLLECTION: /db/apps/doc/data/configuration
COLLECTION: /db/apps/doc/data/configuration/listings
COLLECTION: /db/apps/doc/data/contentextraction
COLLECTION: /db/apps/doc/data/contentextraction/listings
COLLECTION: /db/apps/doc/data/dashboard
COLLECTION: /db/apps/doc/data/dashboard/assets
COLLECTION: /db/apps/doc/data/datasync
COLLECTION: /db/apps/doc/data/datasync/listings
COLLECTION: /db/apps/doc/data/deployment
COLLECTION: /db/apps/doc/data/deployment/listings
COLLECTION: /db/apps/doc/data/development-starter
COLLECTION: /db/apps/doc/data/development-starter/assets
COLLECTION: /db/apps/doc/data/development-starter/listings
COLLECTION: /db/apps/doc/data/devguide_codereview
COLLECTION: /db/apps/doc/data/devguide_codereview/listings
COLLECTION: /db/apps/doc/data/devguide_indexes
COLLECTION: /db/apps/doc/data/devguide_indexes/assets
COLLECTION: /db/apps/doc/data/devguide_indexes/listings
COLLECTION: /db/apps/doc/data/devguide_log4j
COLLECTION: /db/apps/doc/data/devguide_log4j/listings
COLLECTION: /db/apps/doc/data/devguide_manifesto
COLLECTION: /db/apps/doc/data/devguide_rest
COLLECTION: /db/apps/doc/data/devguide_rest/listings
COLLECTION: /db/apps/doc/data/devguide_soap
COLLECTION: /db/apps/doc/data/devguide_soap/listings
COLLECTION: /db/apps/doc/data/devguide_xmldb
COLLECTION: /db/apps/doc/data/devguide_xmldb/listings
COLLECTION: /db/apps/doc/data/devguide_xmlrpc
COLLECTION: /db/apps/doc/data/devguide_xmlrpc/listings
COLLECTION: /db/apps/doc/data/docker
COLLECTION: /db/apps/doc/data/docker/listings
COLLECTION: /db/apps/doc/data/documentation
COLLECTION: /db/apps/doc/data/exist-building
COLLECTION: /db/apps/doc/data/extensions
COLLECTION: /db/apps/doc/data/extensions/listings
COLLECTION: /db/apps/doc/data/faq_performance
COLLECTION: /db/apps/doc/data/fo-render
COLLECTION: /db/apps/doc/data/fo-render/listings
COLLECTION: /db/apps/doc/data/getting-help
COLLECTION: /db/apps/doc/data/getting-help/assets
COLLECTION: /db/apps/doc/data/getting-help-how-to-report
COLLECTION: /db/apps/doc/data/http-request-session
COLLECTION: /db/apps/doc/data/incompatibilities
COLLECTION: /db/apps/doc/data/incompatibilities/listings
COLLECTION: /db/apps/doc/data/indexing
COLLECTION: /db/apps/doc/data/indexing/assets
COLLECTION: /db/apps/doc/data/indexing/listings
COLLECTION: /db/apps/doc/data/integration-testing
COLLECTION: /db/apps/doc/data/integration-testing/listings
COLLECTION: /db/apps/doc/data/java-admin-client
COLLECTION: /db/apps/doc/data/java-admin-client/assets
COLLECTION: /db/apps/doc/data/java-admin-client/listings
COLLECTION: /db/apps/doc/data/jmx
COLLECTION: /db/apps/doc/data/jmx/listings
COLLECTION: /db/apps/doc/data/kwic
COLLECTION: /db/apps/doc/data/kwic/listings
COLLECTION: /db/apps/doc/data/learning-xquery
COLLECTION: /db/apps/doc/data/legal
COLLECTION: /db/apps/doc/data/lucene
COLLECTION: /db/apps/doc/data/lucene/listings
COLLECTION: /db/apps/doc/data/newrangeindex
COLLECTION: /db/apps/doc/data/newrangeindex/listings
COLLECTION: /db/apps/doc/data/ngram
COLLECTION: /db/apps/doc/data/ngram/listings
COLLECTION: /db/apps/doc/data/oldrangeindex
COLLECTION: /db/apps/doc/data/oldrangeindex/listings
COLLECTION: /db/apps/doc/data/oxygen
COLLECTION: /db/apps/doc/data/oxygen/assets
COLLECTION: /db/apps/doc/data/production_good_practice
COLLECTION: /db/apps/doc/data/production_good_practice/listings
COLLECTION: /db/apps/doc/data/production_web_proxying
COLLECTION: /db/apps/doc/data/production_web_proxying/listings
COLLECTION: /db/apps/doc/data/properties
COLLECTION: /db/apps/doc/data/properties/listings
COLLECTION: /db/apps/doc/data/repo
COLLECTION: /db/apps/doc/data/repo/listings
COLLECTION: /db/apps/doc/data/scheduler
COLLECTION: /db/apps/doc/data/scheduler/listings
COLLECTION: /db/apps/doc/data/security
COLLECTION: /db/apps/doc/data/security/assets
COLLECTION: /db/apps/doc/data/security/listings
COLLECTION: /db/apps/doc/data/templating
COLLECTION: /db/apps/doc/data/templating/listings
COLLECTION: /db/apps/doc/data/testing
COLLECTION: /db/apps/doc/data/testing/assets
COLLECTION: /db/apps/doc/data/testing/listings
COLLECTION: /db/apps/doc/data/triggers
COLLECTION: /db/apps/doc/data/triggers/listings
COLLECTION: /db/apps/doc/data/troubleshooting
COLLECTION: /db/apps/doc/data/troubleshooting/assets
COLLECTION: /db/apps/doc/data/troubleshooting/listings
COLLECTION: /db/apps/doc/data/tuning
COLLECTION: /db/apps/doc/data/tuning/listings
COLLECTION: /db/apps/doc/data/update_ext
COLLECTION: /db/apps/doc/data/update_ext/listings
COLLECTION: /db/apps/doc/data/upgrading
COLLECTION: /db/apps/doc/data/upgrading/listings
COLLECTION: /db/apps/doc/data/uploading-files
COLLECTION: /db/apps/doc/data/uploading-files/assets
COLLECTION: /db/apps/doc/data/urlrewrite
COLLECTION: /db/apps/doc/data/urlrewrite/listings
COLLECTION: /db/apps/doc/data/using-collections
COLLECTION: /db/apps/doc/data/validation
COLLECTION: /db/apps/doc/data/validation/listings
COLLECTION: /db/apps/doc/data/versioning
COLLECTION: /db/apps/doc/data/versioning/listings
COLLECTION: /db/apps/doc/data/webdav
COLLECTION: /db/apps/doc/data/webdav/listings
COLLECTION: /db/apps/doc/data/xforms
COLLECTION: /db/apps/doc/data/xforms/listings
COLLECTION: /db/apps/doc/data/xinclude
COLLECTION: /db/apps/doc/data/xinclude/listings
COLLECTION: /db/apps/doc/data/xmldb
COLLECTION: /db/apps/doc/data/xmldb/listings
COLLECTION: /db/apps/doc/data/xqdoc
COLLECTION: /db/apps/doc/data/xqdoc/listings
COLLECTION: /db/apps/doc/data/xqsuite
COLLECTION: /db/apps/doc/data/xqsuite/listings
COLLECTION: /db/apps/doc/data/xquery
COLLECTION: /db/apps/doc/data/xquery/listings
COLLECTION: /db/apps/doc/data/xsl-transform
COLLECTION: /db/apps/doc/data/xsl-transform/listings
COLLECTION: /db/apps/doc/modules
COLLECTION: /db/apps/doc/modules/xsl
COLLECTION: /db/apps/doc/resources
COLLECTION: /db/apps/doc/resources/fonts
COLLECTION: /db/apps/doc/resources/images
COLLECTION: /db/apps/doc/resources/scripts
COLLECTION: /db/apps/doc/resources/styles
COLLECTION: /db/apps/doc/templates
COLLECTION: /db/apps/fundocs
COLLECTION: /db/apps/fundocs/data
COLLECTION: /db/apps/fundocs/data/docs
COLLECTION: /db/apps/fundocs/data/docs/fn
COLLECTION: /db/apps/fundocs/data/docs/process
COLLECTION: /db/apps/fundocs/data/docs/util
COLLECTION: /db/apps/fundocs/data/docs/xproc
COLLECTION: /db/apps/fundocs/modules
COLLECTION: /db/apps/fundocs/resources
COLLECTION: /db/apps/fundocs/resources/css
COLLECTION: /db/apps/fundocs/resources/fonts
COLLECTION: /db/apps/fundocs/resources/images
COLLECTION: /db/apps/fundocs/resources/scripts
COLLECTION: /db/apps/fundocs/templates
COLLECTION: /db/apps/monex
COLLECTION: /db/apps/monex/.exist
COLLECTION: /db/apps/monex/content
COLLECTION: /db/apps/monex/indexes-test
COLLECTION: /db/apps/monex/indexes-test/data
COLLECTION: /db/apps/monex/modules
COLLECTION: /db/apps/monex/resources
COLLECTION: /db/apps/monex/resources/css
COLLECTION: /db/apps/monex/resources/fonts
COLLECTION: /db/apps/monex/resources/img
COLLECTION: /db/apps/monex/resources/scripts
COLLECTION: /db/apps/monex/resources/vendor
COLLECTION: /db/apps/monex/resources/vendor/scripts
COLLECTION: /db/apps/monex/templates
COLLECTION: /db/apps/monex/data
COLLECTION: /db/apps/existdb-aws-restxq-example
COLLECTION: /db/apps/existdb-aws-restxq-example/.exist
COLLECTION: /db/apps/existdb-aws-restxq-example/content
COLLECTION: /db/apps/existdb-aws-restxq-example/modules
COLLECTION: /db/apps/eXide
COLLECTION: /db/apps/eXide/docs
COLLECTION: /db/apps/eXide/modules
COLLECTION: /db/apps/eXide/resources
COLLECTION: /db/apps/eXide/resources/css
COLLECTION: /db/apps/eXide/resources/css/ag-grid-community
COLLECTION: /db/apps/eXide/resources/css/black-tie
COLLECTION: /db/apps/eXide/resources/css/black-tie/images
COLLECTION: /db/apps/eXide/resources/css/font-awesome
COLLECTION: /db/apps/eXide/resources/css/font-awesome/css
COLLECTION: /db/apps/eXide/resources/css/font-awesome/fonts
COLLECTION: /db/apps/eXide/resources/images
COLLECTION: /db/apps/eXide/resources/schema
COLLECTION: /db/apps/eXide/resources/scripts
COLLECTION: /db/apps/eXide/resources/scripts/ace
COLLECTION: /db/apps/eXide/resources/scripts/ace/snippets
COLLECTION: /db/apps/eXide/resources/scripts/jquery
COLLECTION: /db/apps/eXide/resources/scripts/jquery/images
COLLECTION: /db/apps/eXide/src
COLLECTION: /db/apps/eXide/templates
  DOCUMENT: 1000 of 1835
  DOCUMENT: 1835 of 1835
